Using pre-set license
Built from '2020.3/staging' branch; Version is '2020.3.35f1 (18e4db7a9996) revision 1631451'; Using compiler version '192528614'; Build Type 'Release'
OS: 'Windows 10  (10.0.19043) 64bit Core' Language: 'pl' Physical Memory: 8040 MB
BatchMode: 1, IsHumanControllingUs: 0, StartBugReporterOnCrash: 0, Is64bit: 1, IsPro: 0

COMMAND LINE ARGUMENTS:
C:\Program Files\Unity\Hub\Editor\2020.3.35f1\Editor\Unity.exe
-adb2
-batchMode
-noUpm
-name
AssetImportWorker0
-projectPath
C:/Users/skok2/Documents/GitHub/SOCRPROJEKT/SOCR_PROJEKT
-logFile
Logs/AssetImportWorker0.log
-srvPort
28393
Successfully changed project path to: C:/Users/skok2/Documents/GitHub/SOCRPROJEKT/SOCR_PROJEKT
C:/Users/skok2/Documents/GitHub/SOCRPROJEKT/SOCR_PROJEKT
Using Asset Import Pipeline V2.
Refreshing native plugins compatible for Editor in 53.37 ms, found 3 plugins.
Preloading 0 native plugins for Editor in 0.00 ms.
Initialize engine version: 2020.3.35f1 (18e4db7a9996)
[Subsystems] Discovering subsystems at path C:/Program Files/Unity/Hub/Editor/2020.3.35f1/Editor/Data/Resources/UnitySubsystems
[Subsystems] Discovering subsystems at path C:/Users/skok2/Documents/GitHub/SOCRPROJEKT/SOCR_PROJEKT/Assets
GfxDevice: creating device client; threaded=0
Direct3D:
    Version:  Direct3D 11.0 [level 11.1]
    Renderer: NVIDIA GeForce GTX 1650 (ID=0x1f91)
    Vendor:   
    VRAM:     3962 MB
    Driver:   27.21.14.5167
Initialize mono
Mono path[0] = 'C:/Program Files/Unity/Hub/Editor/2020.3.35f1/Editor/Data/Managed'
Mono path[1] = 'C:/Program Files/Unity/Hub/Editor/2020.3.35f1/Editor/Data/MonoBleedingEdge/lib/mono/unityjit'
Mono config path = 'C:/Program Files/Unity/Hub/Editor/2020.3.35f1/Editor/Data/MonoBleedingEdge/etc'
Using monoOptions --debugger-agent=transport=dt_socket,embedding=1,server=y,suspend=n,address=127.0.0.1:56044
Begin MonoManager ReloadAssembly
Registering precompiled unity dll's ...
Register platform support module: C:/Program Files/Unity/Hub/Editor/2020.3.35f1/Editor/Data/PlaybackEngines/WindowsStandaloneSupport/UnityEditor.WindowsStandalone.Extensions.dll
Registered in 0.002116 seconds.
Native extension for WindowsStandalone target not found
Refreshing native plugins compatible for Editor in 46.16 ms, found 3 plugins.
Preloading 0 native plugins for Editor in 0.00 ms.
Mono: successfully reloaded assembly
- Completed reload, in  0.607 seconds
Domain Reload Profiling:
	ReloadAssembly (607ms)
		BeginReloadAssembly (66ms)
			ExecutionOrderSort (0ms)
			DisableScriptedObjects (0ms)
			BackupInstance (0ms)
			ReleaseScriptingObjects (0ms)
			CreateAndSetChildDomain (1ms)
		EndReloadAssembly (472ms)
			LoadAssemblies (63ms)
			RebuildTransferFunctionScriptingTraits (0ms)
			SetupTypeCache (147ms)
			ReleaseScriptCaches (0ms)
			RebuildScriptCaches (38ms)
			SetupLoadedEditorAssemblies (176ms)
				LogAssemblyErrors (0ms)
				InitializePlatformSupportModulesInManaged (5ms)
				SetLoadedEditorAssemblies (0ms)
				RefreshPlugins (46ms)
				BeforeProcessingInitializeOnLoad (13ms)
				ProcessInitializeOnLoadAttributes (85ms)
				ProcessInitializeOnLoadMethodAttributes (27ms)
				AfterProcessingInitializeOnLoad (0ms)
				EditorAssembliesLoaded (0ms)
			ExecutionOrderSort2 (0ms)
			AwakeInstancesAfterBackupRestoration (0ms)
Platform modules already initialized, skipping
Registering precompiled user dll's ...
Registered in 0.004565 seconds.
Begin MonoManager ReloadAssembly
Symbol file data-000001B37D4F8020 doesn't match image C:\Users\skok2\Documents\GitHub\SOCRPROJEKT\SOCR_PROJEKT\Library\ScriptAssemblies\Unity.2D.Animation.Editor.dll
Symbol file LoadedFromMemory is not a mono symbol file
Symbol file data-000001B37E6186A0 doesn't match image C:\Users\skok2\Documents\GitHub\SOCRPROJEKT\SOCR_PROJEKT\Library\ScriptAssemblies\Unity.InternalAPIEngineBridge.001.dll
Symbol file LoadedFromMemory is not a mono symbol file
Symbol file data-000001B37E5C2190 doesn't match image C:\Users\skok2\Documents\GitHub\SOCRPROJEKT\SOCR_PROJEKT\Library\ScriptAssemblies\Unity.VSCode.Editor.dll
Symbol file LoadedFromMemory is not a mono symbol file
Symbol file data-000001B37E2F1030 doesn't match image C:\Users\skok2\Documents\GitHub\SOCRPROJEKT\SOCR_PROJEKT\Library\ScriptAssemblies\Unity.2D.PixelPerfect.dll
Symbol file LoadedFromMemory is not a mono symbol file
Symbol file data-000001B37D4F8020 doesn't match image C:\Users\skok2\Documents\GitHub\SOCRPROJEKT\SOCR_PROJEKT\Library\ScriptAssemblies\Unity.2D.Tilemap.Editor.dll
Symbol file LoadedFromMemory is not a mono symbol file
Symbol file data-000001B37D50B430 doesn't match image C:\Users\skok2\Documents\GitHub\SOCRPROJEKT\SOCR_PROJEKT\Library\ScriptAssemblies\PsdPlugin.dll
Symbol file LoadedFromMemory is not a mono symbol file
Symbol file data-000001B37D50B430 doesn't match image C:\Users\skok2\Documents\GitHub\SOCRPROJEKT\SOCR_PROJEKT\Library\ScriptAssemblies\Unity.TextMeshPro.Editor.dll
Symbol file LoadedFromMemory is not a mono symbol file
Symbol file data-000001B37D3DF230 doesn't match image C:\Users\skok2\Documents\GitHub\SOCRPROJEKT\SOCR_PROJEKT\Library\ScriptAssemblies\Unity.VisualStudio.Editor.dll
Symbol file LoadedFromMemory is not a mono symbol file
Symbol file data-000001B37D3DF230 doesn't match image C:\Users\skok2\Documents\GitHub\SOCRPROJEKT\SOCR_PROJEKT\Library\ScriptAssemblies\UnityEngine.TestRunner.dll
Symbol file LoadedFromMemory is not a mono symbol file
Symbol file data-000001B37D520840 doesn't match image C:\Users\skok2\Documents\GitHub\SOCRPROJEKT\SOCR_PROJEKT\Library\ScriptAssemblies\Unity.Timeline.dll
Symbol file LoadedFromMemory is not a mono symbol file
Symbol file data-000001B37DA5D010 doesn't match image C:\Users\skok2\Documents\GitHub\SOCRPROJEKT\SOCR_PROJEKT\Library\ScriptAssemblies\Unity.TextMeshPro.dll
Symbol file LoadedFromMemory is not a mono symbol file
Symbol file data-000001B37DA8C620 doesn't match image C:\Users\skok2\Documents\GitHub\SOCRPROJEKT\SOCR_PROJEKT\Library\ScriptAssemblies\UnityEditor.TestRunner.dll
Symbol file LoadedFromMemory is not a mono symbol file
Symbol file data-000001B37E5C2190 doesn't match image C:\Users\skok2\Documents\GitHub\SOCRPROJEKT\SOCR_PROJEKT\Library\ScriptAssemblies\Unity.2D.IK.Editor.dll
Symbol file LoadedFromMemory is not a mono symbol file
Symbol file data-000001B37DA8C620 doesn't match image C:\Users\skok2\Documents\GitHub\SOCRPROJEKT\SOCR_PROJEKT\Library\ScriptAssemblies\Unity.2D.Sprite.Editor.dll
Symbol file LoadedFromMemory is not a mono symbol file
Symbol file data-000001B37D3DF230 doesn't match image C:\Users\skok2\Documents\GitHub\SOCRPROJEKT\SOCR_PROJEKT\Library\ScriptAssemblies\Unity.2D.Psdimporter.Editor.dll
Symbol file LoadedFromMemory is not a mono symbol file
Symbol file data-000001B37D3DF230 doesn't match image C:\Users\skok2\Documents\GitHub\SOCRPROJEKT\SOCR_PROJEKT\Library\ScriptAssemblies\Unity.2D.Path.Editor.dll
Symbol file LoadedFromMemory is not a mono symbol file
Symbol file data-000001B37E3D6150 doesn't match image C:\Users\skok2\Documents\GitHub\SOCRPROJEKT\SOCR_PROJEKT\Library\ScriptAssemblies\Unity.InternalAPIEditorBridge.001.dll
Symbol file LoadedFromMemory is not a mono symbol file
Symbol file data-000001B37CF79C30 doesn't match image C:\Users\skok2\Documents\GitHub\SOCRPROJEKT\SOCR_PROJEKT\Library\ScriptAssemblies\UnityEditor.UI.dll
Symbol file LoadedFromMemory is not a mono symbol file
Symbol file data-000001B37D673010 doesn't match image C:\Users\skok2\Documents\GitHub\SOCRPROJEKT\SOCR_PROJEKT\Library\ScriptAssemblies\Unity.PlasticSCM.Editor.dll
Symbol file LoadedFromMemory is not a mono symbol file
Symbol file data-000001B37CF79C30 doesn't match image C:\Users\skok2\Documents\GitHub\SOCRPROJEKT\SOCR_PROJEKT\Library\ScriptAssemblies\Unity.Rider.Editor.dll
Symbol file LoadedFromMemory is not a mono symbol file
Symbol file data-000001B37D694C30 doesn't match image C:\Users\skok2\Documents\GitHub\SOCRPROJEKT\SOCR_PROJEKT\Library\ScriptAssemblies\UnityEngine.UI.dll
Symbol file LoadedFromMemory is not a mono symbol file
Symbol file data-000001B37D951020 doesn't match image C:\Users\skok2\Documents\GitHub\SOCRPROJEKT\SOCR_PROJEKT\Library\ScriptAssemblies\Unity.Mathematics.dll
Symbol file LoadedFromMemory is not a mono symbol file
Symbol file data-000001B37E5C2190 doesn't match image C:\Users\skok2\Documents\GitHub\SOCRPROJEKT\SOCR_PROJEKT\Library\ScriptAssemblies\Unity.2D.IK.Runtime.dll
Symbol file LoadedFromMemory is not a mono symbol file
Symbol file data-000001B37D61B630 doesn't match image C:\Users\skok2\Documents\GitHub\SOCRPROJEKT\SOCR_PROJEKT\Library\ScriptAssemblies\Unity.2D.Animation.Runtime.dll
Symbol file LoadedFromMemory is not a mono symbol file
Symbol file data-000001B37D92EAA0 doesn't match image C:\Users\skok2\Documents\GitHub\SOCRPROJEKT\SOCR_PROJEKT\Library\ScriptAssemblies\Unity.2D.PixelPerfect.Editor.dll
Symbol file LoadedFromMemory is not a mono symbol file
Symbol file data-000001B37DA07020 doesn't match image C:\Users\skok2\Documents\GitHub\SOCRPROJEKT\SOCR_PROJEKT\Library\ScriptAssemblies\Unity.Timeline.Editor.dll
Symbol file LoadedFromMemory is not a mono symbol file
Symbol file data-000001B37D885C30 doesn't match image C:\Users\skok2\Documents\GitHub\SOCRPROJEKT\SOCR_PROJEKT\Library\ScriptAssemblies\Unity.CollabProxy.Editor.dll
Symbol file LoadedFromMemory is not a mono symbol file
Symbol file data-000001B378A73C60 doesn't match image C:\Users\skok2\Documents\GitHub\SOCRPROJEKT\SOCR_PROJEKT\Library\ScriptAssemblies\Unity.Mathematics.Editor.dll
Symbol file LoadedFromMemory is not a mono symbol file
Symbol file data-000001B379406710 doesn't match image C:\Users\skok2\Documents\GitHub\SOCRPROJEKT\SOCR_PROJEKT\Library\ScriptAssemblies\Unity.2D.Common.Runtime.dll
Symbol file LoadedFromMemory is not a mono symbol file
Symbol file data-000001B37DA2F630 doesn't match image C:\Users\skok2\Documents\GitHub\SOCRPROJEKT\SOCR_PROJEKT\Library\ScriptAssemblies\Unity.2D.SpriteShape.Editor.dll
Symbol file LoadedFromMemory is not a mono symbol file
Symbol file data-000001B37D61B630 doesn't match image C:\Users\skok2\Documents\GitHub\SOCRPROJEKT\SOCR_PROJEKT\Library\ScriptAssemblies\Unity.2D.Common.Editor.dll
Symbol file LoadedFromMemory is not a mono symbol file
Symbol file data-000001B37DA37040 doesn't match image C:\Users\skok2\Documents\GitHub\SOCRPROJEKT\SOCR_PROJEKT\Library\ScriptAssemblies\Unity.2D.SpriteShape.Runtime.dll
Symbol file LoadedFromMemory is not a mono symbol file
Native extension for WindowsStandalone target not found
Refreshing native plugins compatible for Editor in 43.66 ms, found 3 plugins.
Preloading 0 native plugins for Editor in 0.00 ms.
Mono: successfully reloaded assembly
- Completed reload, in  1.469 seconds
Domain Reload Profiling:
	ReloadAssembly (1471ms)
		BeginReloadAssembly (349ms)
			ExecutionOrderSort (0ms)
			DisableScriptedObjects (10ms)
			BackupInstance (0ms)
			ReleaseScriptingObjects (0ms)
			CreateAndSetChildDomain (47ms)
		EndReloadAssembly (1032ms)
			LoadAssemblies (165ms)
			RebuildTransferFunctionScriptingTraits (0ms)
			SetupTypeCache (365ms)
			ReleaseScriptCaches (0ms)
			RebuildScriptCaches (49ms)
			SetupLoadedEditorAssemblies (377ms)
				LogAssemblyErrors (0ms)
				InitializePlatformSupportModulesInManaged (3ms)
				SetLoadedEditorAssemblies (0ms)
				RefreshPlugins (44ms)
				BeforeProcessingInitializeOnLoad (93ms)
				ProcessInitializeOnLoadAttributes (203ms)
				ProcessInitializeOnLoadMethodAttributes (27ms)
				AfterProcessingInitializeOnLoad (7ms)
				EditorAssembliesLoaded (0ms)
			ExecutionOrderSort2 (0ms)
			AwakeInstancesAfterBackupRestoration (2ms)
Platform modules already initialized, skipping
========================================================================
Worker process is ready to serve import requests
Launched and connected shader compiler UnityShaderCompiler.exe after 0.14 seconds
Refreshing native plugins compatible for Editor in 0.57 ms, found 3 plugins.
Preloading 0 native plugins for Editor in 0.00 ms.
Unloading 2257 Unused Serialized files (Serialized files now loaded: 0)
System memory in use before: 100.3 MB.
System memory in use after: 100.4 MB.

Unloading 25 unused Assets to reduce memory usage. Loaded Objects now: 2695.
Total: 3.264900 ms (FindLiveObjects: 0.184200 ms CreateObjectMapping: 0.084700 ms MarkObjects: 2.880100 ms  DeleteObjects: 0.114600 ms)

AssetImportParameters requested are different than current active one (requested -> active):
  custom:framework-win-MediaFoundation: 216162199b28c13a410421893ffa2e32 -> 
  custom:video-decoder-ogg-theora: a1e56fd34408186e4bbccfd4996cb3dc -> 
  custom:container-muxer-webm: aa71ff27fc2769a1b78a27578f13a17b -> 
  custom:container-demuxer-webm: 4f35f7cbe854078d1ac9338744f61a02 -> 
  custom:container-demuxer-ogg: 62fdf1f143b41e24485cea50d1cbac27 -> 
  custom:video-encoder-webm-vp8: eb34c28f22e8b96e1ab97ce403110664 -> 
  custom:video-decoder-webm-vp8: 9c59270c3fd7afecdb556c50c9e8de78 -> 
  custom:audio-decoder-ogg-vorbis: bf7c407c2cedff20999df2af8eb42d56 -> 
  custom:audio-encoder-webm-vorbis: bf7c407c2cedff20999df2af8eb42d56 -> 
========================================================================
Received Import Request.
  path: Assets/Characters/CharacterScripts/TestCharacter.cs
  artifactKey: Guid(f28d568863562e742b66b3ccae22ffc4) Importer(815301076,1909f56bfc062723c751e8b465ee728b)
Start importing Assets/Characters/CharacterScripts/TestCharacter.cs using Guid(f28d568863562e742b66b3ccae22ffc4) Importer(815301076,1909f56bfc062723c751e8b465ee728b)  -> (artifact id: 'd486f54e562d806ad8abd47e04e8b596') in 0.064979 seconds 
========================================================================
Received Prepare
Registering precompiled user dll's ...
Registered in 0.003492 seconds.
Begin MonoManager ReloadAssembly
Symbol file data-000001B37D4F8020 doesn't match image C:\Users\skok2\Documents\GitHub\SOCRPROJEKT\SOCR_PROJEKT\Library\ScriptAssemblies\Unity.2D.Animation.Editor.dll
Symbol file LoadedFromMemory is not a mono symbol file
Symbol file data-000001B1A1980A50 doesn't match image C:\Users\skok2\Documents\GitHub\SOCRPROJEKT\SOCR_PROJEKT\Library\ScriptAssemblies\Unity.InternalAPIEngineBridge.001.dll
Symbol file LoadedFromMemory is not a mono symbol file
Symbol file data-000001B37939EC70 doesn't match image C:\Users\skok2\Documents\GitHub\SOCRPROJEKT\SOCR_PROJEKT\Library\ScriptAssemblies\Unity.VSCode.Editor.dll
Symbol file LoadedFromMemory is not a mono symbol file
Symbol file data-000001B37CC657C0 doesn't match image C:\Users\skok2\Documents\GitHub\SOCRPROJEKT\SOCR_PROJEKT\Library\ScriptAssemblies\Unity.2D.PixelPerfect.dll
Symbol file LoadedFromMemory is not a mono symbol file
Symbol file data-000001B37D54C020 doesn't match image C:\Users\skok2\Documents\GitHub\SOCRPROJEKT\SOCR_PROJEKT\Library\ScriptAssemblies\Unity.2D.Tilemap.Editor.dll
Symbol file LoadedFromMemory is not a mono symbol file
Symbol file data-000001B37CB82410 doesn't match image C:\Users\skok2\Documents\GitHub\SOCRPROJEKT\SOCR_PROJEKT\Library\ScriptAssemblies\PsdPlugin.dll
Symbol file LoadedFromMemory is not a mono symbol file
Symbol file data-000001B37EE73010 doesn't match image C:\Users\skok2\Documents\GitHub\SOCRPROJEKT\SOCR_PROJEKT\Library\ScriptAssemblies\Unity.TextMeshPro.Editor.dll
Symbol file LoadedFromMemory is not a mono symbol file
Symbol file data-000001B3791B2F80 doesn't match image C:\Users\skok2\Documents\GitHub\SOCRPROJEKT\SOCR_PROJEKT\Library\ScriptAssemblies\Unity.VisualStudio.Editor.dll
Symbol file LoadedFromMemory is not a mono symbol file
Symbol file data-000001B37D54C020 doesn't match image C:\Users\skok2\Documents\GitHub\SOCRPROJEKT\SOCR_PROJEKT\Library\ScriptAssemblies\UnityEngine.TestRunner.dll
Symbol file LoadedFromMemory is not a mono symbol file
Symbol file data-000001B37D54C020 doesn't match image C:\Users\skok2\Documents\GitHub\SOCRPROJEKT\SOCR_PROJEKT\Library\ScriptAssemblies\Unity.Timeline.dll
Symbol file LoadedFromMemory is not a mono symbol file
Symbol file data-000001B37D3A8020 doesn't match image C:\Users\skok2\Documents\GitHub\SOCRPROJEKT\SOCR_PROJEKT\Library\ScriptAssemblies\Unity.TextMeshPro.dll
Symbol file LoadedFromMemory is not a mono symbol file
Symbol file data-000001B37CB9CF60 doesn't match image C:\Users\skok2\Documents\GitHub\SOCRPROJEKT\SOCR_PROJEKT\Library\ScriptAssemblies\UnityEditor.TestRunner.dll
Symbol file LoadedFromMemory is not a mono symbol file
Symbol file data-000001B37DA40E30 doesn't match image C:\Users\skok2\Documents\GitHub\SOCRPROJEKT\SOCR_PROJEKT\Library\ScriptAssemblies\Unity.2D.IK.Editor.dll
Symbol file LoadedFromMemory is not a mono symbol file
Symbol file data-000001B37E227010 doesn't match image C:\Users\skok2\Documents\GitHub\SOCRPROJEKT\SOCR_PROJEKT\Library\ScriptAssemblies\Unity.2D.Sprite.Editor.dll
Symbol file LoadedFromMemory is not a mono symbol file
Symbol file data-000001B1A1EE3010 doesn't match image C:\Users\skok2\Documents\GitHub\SOCRPROJEKT\SOCR_PROJEKT\Library\ScriptAssemblies\Unity.2D.Psdimporter.Editor.dll
Symbol file LoadedFromMemory is not a mono symbol file
Symbol file data-000001B1A1EE3010 doesn't match image C:\Users\skok2\Documents\GitHub\SOCRPROJEKT\SOCR_PROJEKT\Library\ScriptAssemblies\Unity.2D.Path.Editor.dll
Symbol file LoadedFromMemory is not a mono symbol file
Symbol file data-000001B3791BA390 doesn't match image C:\Users\skok2\Documents\GitHub\SOCRPROJEKT\SOCR_PROJEKT\Library\ScriptAssemblies\Unity.InternalAPIEditorBridge.001.dll
Symbol file LoadedFromMemory is not a mono symbol file
Symbol file data-000001B1A1EE3010 doesn't match image C:\Users\skok2\Documents\GitHub\SOCRPROJEKT\SOCR_PROJEKT\Library\ScriptAssemblies\UnityEditor.UI.dll
Symbol file LoadedFromMemory is not a mono symbol file
Symbol file data-000001B37D9B39E0 doesn't match image C:\Users\skok2\Documents\GitHub\SOCRPROJEKT\SOCR_PROJEKT\Library\ScriptAssemblies\Unity.PlasticSCM.Editor.dll
Symbol file LoadedFromMemory is not a mono symbol file
Symbol file data-000001B37D88DC40 doesn't match image C:\Users\skok2\Documents\GitHub\SOCRPROJEKT\SOCR_PROJEKT\Library\ScriptAssemblies\Unity.Rider.Editor.dll
Symbol file LoadedFromMemory is not a mono symbol file
Symbol file data-000001B3796DE810 doesn't match image C:\Users\skok2\Documents\GitHub\SOCRPROJEKT\SOCR_PROJEKT\Library\ScriptAssemblies\UnityEngine.UI.dll
Symbol file LoadedFromMemory is not a mono symbol file
Symbol file data-000001B37DED2010 doesn't match image C:\Users\skok2\Documents\GitHub\SOCRPROJEKT\SOCR_PROJEKT\Library\ScriptAssemblies\Unity.Mathematics.dll
Symbol file LoadedFromMemory is not a mono symbol file
Symbol file data-000001B37DA40E30 doesn't match image C:\Users\skok2\Documents\GitHub\SOCRPROJEKT\SOCR_PROJEKT\Library\ScriptAssemblies\Unity.2D.IK.Runtime.dll
Symbol file LoadedFromMemory is not a mono symbol file
Symbol file data-000001B378BAA010 doesn't match image C:\Users\skok2\Documents\GitHub\SOCRPROJEKT\SOCR_PROJEKT\Library\ScriptAssemblies\Unity.2D.Animation.Runtime.dll
Symbol file LoadedFromMemory is not a mono symbol file
Symbol file data-000001B37CFA3160 doesn't match image C:\Users\skok2\Documents\GitHub\SOCRPROJEKT\SOCR_PROJEKT\Library\ScriptAssemblies\Unity.2D.PixelPerfect.Editor.dll
Symbol file LoadedFromMemory is not a mono symbol file
Symbol file data-000001B3792A8030 doesn't match image C:\Users\skok2\Documents\GitHub\SOCRPROJEKT\SOCR_PROJEKT\Library\ScriptAssemblies\Unity.Timeline.Editor.dll
Symbol file LoadedFromMemory is not a mono symbol file
Symbol file data-000001B37D54C020 doesn't match image C:\Users\skok2\Documents\GitHub\SOCRPROJEKT\SOCR_PROJEKT\Library\ScriptAssemblies\Unity.CollabProxy.Editor.dll
Symbol file LoadedFromMemory is not a mono symbol file
Symbol file data-000001B37D43D0B0 doesn't match image C:\Users\skok2\Documents\GitHub\SOCRPROJEKT\SOCR_PROJEKT\Library\ScriptAssemblies\Unity.Mathematics.Editor.dll
Symbol file LoadedFromMemory is not a mono symbol file
Symbol file data-000001B379405C30 doesn't match image C:\Users\skok2\Documents\GitHub\SOCRPROJEKT\SOCR_PROJEKT\Library\ScriptAssemblies\Unity.2D.Common.Runtime.dll
Symbol file LoadedFromMemory is not a mono symbol file
Symbol file data-000001B37EB9FE20 doesn't match image C:\Users\skok2\Documents\GitHub\SOCRPROJEKT\SOCR_PROJEKT\Library\ScriptAssemblies\Unity.2D.SpriteShape.Editor.dll
Symbol file LoadedFromMemory is not a mono symbol file
Symbol file data-000001B37917CA20 doesn't match image C:\Users\skok2\Documents\GitHub\SOCRPROJEKT\SOCR_PROJEKT\Library\ScriptAssemblies\Unity.2D.Common.Editor.dll
Symbol file LoadedFromMemory is not a mono symbol file
Symbol file data-000001B37D54C020 doesn't match image C:\Users\skok2\Documents\GitHub\SOCRPROJEKT\SOCR_PROJEKT\Library\ScriptAssemblies\Unity.2D.SpriteShape.Runtime.dll
Symbol file LoadedFromMemory is not a mono symbol file
Native extension for WindowsStandalone target not found
Refreshing native plugins compatible for Editor in 0.47 ms, found 3 plugins.
Preloading 0 native plugins for Editor in 0.00 ms.
Mono: successfully reloaded assembly
- Completed reload, in  1.011 seconds
Domain Reload Profiling:
	ReloadAssembly (1012ms)
		BeginReloadAssembly (133ms)
			ExecutionOrderSort (0ms)
			DisableScriptedObjects (6ms)
			BackupInstance (0ms)
			ReleaseScriptingObjects (0ms)
			CreateAndSetChildDomain (34ms)
		EndReloadAssembly (816ms)
			LoadAssemblies (127ms)
			RebuildTransferFunctionScriptingTraits (0ms)
			SetupTypeCache (283ms)
			ReleaseScriptCaches (1ms)
			RebuildScriptCaches (40ms)
			SetupLoadedEditorAssemblies (295ms)
				LogAssemblyErrors (0ms)
				InitializePlatformSupportModulesInManaged (4ms)
				SetLoadedEditorAssemblies (0ms)
				RefreshPlugins (1ms)
				BeforeProcessingInitializeOnLoad (96ms)
				ProcessInitializeOnLoadAttributes (172ms)
				ProcessInitializeOnLoadMethodAttributes (15ms)
				AfterProcessingInitializeOnLoad (7ms)
				EditorAssembliesLoaded (0ms)
			ExecutionOrderSort2 (0ms)
			AwakeInstancesAfterBackupRestoration (4ms)
Platform modules already initialized, skipping
Refreshing native plugins compatible for Editor in 0.56 ms, found 3 plugins.
Preloading 0 native plugins for Editor in 0.00 ms.
Unloading 2233 Unused Serialized files (Serialized files now loaded: 0)
System memory in use before: 98.4 MB.
System memory in use after: 98.5 MB.

Unloading 14 unused Assets to reduce memory usage. Loaded Objects now: 2698.
Total: 3.405400 ms (FindLiveObjects: 0.216500 ms CreateObjectMapping: 0.127300 ms MarkObjects: 3.030900 ms  DeleteObjects: 0.022100 ms)

AssetImportParameters requested are different than current active one (requested -> active):
  custom:framework-win-MediaFoundation: 216162199b28c13a410421893ffa2e32 -> 
  custom:video-decoder-ogg-theora: a1e56fd34408186e4bbccfd4996cb3dc -> 
  custom:container-muxer-webm: aa71ff27fc2769a1b78a27578f13a17b -> 
  custom:container-demuxer-webm: 4f35f7cbe854078d1ac9338744f61a02 -> 
  custom:container-demuxer-ogg: 62fdf1f143b41e24485cea50d1cbac27 -> 
  custom:video-encoder-webm-vp8: eb34c28f22e8b96e1ab97ce403110664 -> 
  custom:video-decoder-webm-vp8: 9c59270c3fd7afecdb556c50c9e8de78 -> 
  custom:audio-decoder-ogg-vorbis: bf7c407c2cedff20999df2af8eb42d56 -> 
  custom:audio-encoder-webm-vorbis: bf7c407c2cedff20999df2af8eb42d56 -> 
========================================================================
Received Import Request.
  Time since last request: 89.510212 seconds.
  path: Assets/Characters/CharacterScripts/TestCharacter.cs
  artifactKey: Guid(f28d568863562e742b66b3ccae22ffc4) Importer(815301076,1909f56bfc062723c751e8b465ee728b)
Start importing Assets/Characters/CharacterScripts/TestCharacter.cs using Guid(f28d568863562e742b66b3ccae22ffc4) Importer(815301076,1909f56bfc062723c751e8b465ee728b)  -> (artifact id: 'ae487f1b5c23715ce713dfca3b847963') in 0.005651 seconds 
========================================================================
Received Prepare
Registering precompiled user dll's ...
Registered in 0.004652 seconds.
Begin MonoManager ReloadAssembly
Symbol file data-000001B378EEFCB0 doesn't match image C:\Users\skok2\Documents\GitHub\SOCRPROJEKT\SOCR_PROJEKT\Library\ScriptAssemblies\Unity.2D.Animation.Editor.dll
Symbol file LoadedFromMemory is not a mono symbol file
Symbol file data-000001B1A197F080 doesn't match image C:\Users\skok2\Documents\GitHub\SOCRPROJEKT\SOCR_PROJEKT\Library\ScriptAssemblies\Unity.InternalAPIEngineBridge.001.dll
Symbol file LoadedFromMemory is not a mono symbol file
Symbol file data-000001B37CF27020 doesn't match image C:\Users\skok2\Documents\GitHub\SOCRPROJEKT\SOCR_PROJEKT\Library\ScriptAssemblies\Unity.VSCode.Editor.dll
Symbol file LoadedFromMemory is not a mono symbol file
Symbol file data-000001B37CC657C0 doesn't match image C:\Users\skok2\Documents\GitHub\SOCRPROJEKT\SOCR_PROJEKT\Library\ScriptAssemblies\Unity.2D.PixelPerfect.dll
Symbol file LoadedFromMemory is not a mono symbol file
Symbol file data-000001B37D54C020 doesn't match image C:\Users\skok2\Documents\GitHub\SOCRPROJEKT\SOCR_PROJEKT\Library\ScriptAssemblies\Unity.2D.Tilemap.Editor.dll
Symbol file LoadedFromMemory is not a mono symbol file
Symbol file data-000001B37CB82410 doesn't match image C:\Users\skok2\Documents\GitHub\SOCRPROJEKT\SOCR_PROJEKT\Library\ScriptAssemblies\PsdPlugin.dll
Symbol file LoadedFromMemory is not a mono symbol file
Symbol file data-000001B1A11D90B0 doesn't match image C:\Users\skok2\Documents\GitHub\SOCRPROJEKT\SOCR_PROJEKT\Library\ScriptAssemblies\Unity.TextMeshPro.Editor.dll
Symbol file LoadedFromMemory is not a mono symbol file
Symbol file data-000001B37935E550 doesn't match image C:\Users\skok2\Documents\GitHub\SOCRPROJEKT\SOCR_PROJEKT\Library\ScriptAssemblies\Unity.VisualStudio.Editor.dll
Symbol file LoadedFromMemory is not a mono symbol file
Symbol file data-000001B37D54C020 doesn't match image C:\Users\skok2\Documents\GitHub\SOCRPROJEKT\SOCR_PROJEKT\Library\ScriptAssemblies\UnityEngine.TestRunner.dll
Symbol file LoadedFromMemory is not a mono symbol file
Symbol file data-000001B37D54C020 doesn't match image C:\Users\skok2\Documents\GitHub\SOCRPROJEKT\SOCR_PROJEKT\Library\ScriptAssemblies\Unity.Timeline.dll
Symbol file LoadedFromMemory is not a mono symbol file
Symbol file data-000001B37D4A4020 doesn't match image C:\Users\skok2\Documents\GitHub\SOCRPROJEKT\SOCR_PROJEKT\Library\ScriptAssemblies\Unity.TextMeshPro.dll
Symbol file LoadedFromMemory is not a mono symbol file
Symbol file data-000001B37EA1D040 doesn't match image C:\Users\skok2\Documents\GitHub\SOCRPROJEKT\SOCR_PROJEKT\Library\ScriptAssemblies\UnityEditor.TestRunner.dll
Symbol file LoadedFromMemory is not a mono symbol file
Symbol file data-000001B37CF27020 doesn't match image C:\Users\skok2\Documents\GitHub\SOCRPROJEKT\SOCR_PROJEKT\Library\ScriptAssemblies\Unity.2D.IK.Editor.dll
Symbol file LoadedFromMemory is not a mono symbol file
Symbol file data-000001B378F148C0 doesn't match image C:\Users\skok2\Documents\GitHub\SOCRPROJEKT\SOCR_PROJEKT\Library\ScriptAssemblies\Unity.2D.Sprite.Editor.dll
Symbol file LoadedFromMemory is not a mono symbol file
Symbol file data-000001B37935E550 doesn't match image C:\Users\skok2\Documents\GitHub\SOCRPROJEKT\SOCR_PROJEKT\Library\ScriptAssemblies\Unity.2D.Psdimporter.Editor.dll
Symbol file LoadedFromMemory is not a mono symbol file
Symbol file data-000001B37EDCF030 doesn't match image C:\Users\skok2\Documents\GitHub\SOCRPROJEKT\SOCR_PROJEKT\Library\ScriptAssemblies\Unity.2D.Path.Editor.dll
Symbol file LoadedFromMemory is not a mono symbol file
Symbol file data-000001B1A19E2420 doesn't match image C:\Users\skok2\Documents\GitHub\SOCRPROJEKT\SOCR_PROJEKT\Library\ScriptAssemblies\Unity.InternalAPIEditorBridge.001.dll
Symbol file LoadedFromMemory is not a mono symbol file
Symbol file data-000001B37935E550 doesn't match image C:\Users\skok2\Documents\GitHub\SOCRPROJEKT\SOCR_PROJEKT\Library\ScriptAssemblies\UnityEditor.UI.dll
Symbol file LoadedFromMemory is not a mono symbol file
Symbol file data-000001B37D0E2010 doesn't match image C:\Users\skok2\Documents\GitHub\SOCRPROJEKT\SOCR_PROJEKT\Library\ScriptAssemblies\Unity.PlasticSCM.Editor.dll
Symbol file LoadedFromMemory is not a mono symbol file
Symbol file data-000001B37EC73230 doesn't match image C:\Users\skok2\Documents\GitHub\SOCRPROJEKT\SOCR_PROJEKT\Library\ScriptAssemblies\Unity.Rider.Editor.dll
Symbol file LoadedFromMemory is not a mono symbol file
Symbol file data-000001B1A2451D60 doesn't match image C:\Users\skok2\Documents\GitHub\SOCRPROJEKT\SOCR_PROJEKT\Library\ScriptAssemblies\UnityEngine.UI.dll
Symbol file LoadedFromMemory is not a mono symbol file
Symbol file data-000001B37DED2010 doesn't match image C:\Users\skok2\Documents\GitHub\SOCRPROJEKT\SOCR_PROJEKT\Library\ScriptAssemblies\Unity.Mathematics.dll
Symbol file LoadedFromMemory is not a mono symbol file
Symbol file data-000001B37CF27020 doesn't match image C:\Users\skok2\Documents\GitHub\SOCRPROJEKT\SOCR_PROJEKT\Library\ScriptAssemblies\Unity.2D.IK.Runtime.dll
Symbol file LoadedFromMemory is not a mono symbol file
Symbol file data-000001B37E3C1720 doesn't match image C:\Users\skok2\Documents\GitHub\SOCRPROJEKT\SOCR_PROJEKT\Library\ScriptAssemblies\Unity.2D.Animation.Runtime.dll
Symbol file LoadedFromMemory is not a mono symbol file
Symbol file data-000001B37CFA2850 doesn't match image C:\Users\skok2\Documents\GitHub\SOCRPROJEKT\SOCR_PROJEKT\Library\ScriptAssemblies\Unity.2D.PixelPerfect.Editor.dll
Symbol file LoadedFromMemory is not a mono symbol file
Symbol file data-000001B3793A6CA0 doesn't match image C:\Users\skok2\Documents\GitHub\SOCRPROJEKT\SOCR_PROJEKT\Library\ScriptAssemblies\Unity.Timeline.Editor.dll
Symbol file LoadedFromMemory is not a mono symbol file
Symbol file data-000001B37D4D3630 doesn't match image C:\Users\skok2\Documents\GitHub\SOCRPROJEKT\SOCR_PROJEKT\Library\ScriptAssemblies\Unity.CollabProxy.Editor.dll
Symbol file LoadedFromMemory is not a mono symbol file
Symbol file data-000001B37D240490 doesn't match image C:\Users\skok2\Documents\GitHub\SOCRPROJEKT\SOCR_PROJEKT\Library\ScriptAssemblies\Unity.Mathematics.Editor.dll
Symbol file LoadedFromMemory is not a mono symbol file
Symbol file data-000001B379405C30 doesn't match image C:\Users\skok2\Documents\GitHub\SOCRPROJEKT\SOCR_PROJEKT\Library\ScriptAssemblies\Unity.2D.Common.Runtime.dll
Symbol file LoadedFromMemory is not a mono symbol file
Symbol file data-000001B37EB9FE20 doesn't match image C:\Users\skok2\Documents\GitHub\SOCRPROJEKT\SOCR_PROJEKT\Library\ScriptAssemblies\Unity.2D.SpriteShape.Editor.dll
Symbol file LoadedFromMemory is not a mono symbol file
Symbol file data-000001B37CF27020 doesn't match image C:\Users\skok2\Documents\GitHub\SOCRPROJEKT\SOCR_PROJEKT\Library\ScriptAssemblies\Unity.2D.Common.Editor.dll
Symbol file LoadedFromMemory is not a mono symbol file
Symbol file data-000001B37D54C020 doesn't match image C:\Users\skok2\Documents\GitHub\SOCRPROJEKT\SOCR_PROJEKT\Library\ScriptAssemblies\Unity.2D.SpriteShape.Runtime.dll
Symbol file LoadedFromMemory is not a mono symbol file
Native extension for WindowsStandalone target not found
Refreshing native plugins compatible for Editor in 0.49 ms, found 3 plugins.
Preloading 0 native plugins for Editor in 0.00 ms.
Mono: successfully reloaded assembly
- Completed reload, in  1.029 seconds
Domain Reload Profiling:
	ReloadAssembly (1030ms)
		BeginReloadAssembly (118ms)
			ExecutionOrderSort (0ms)
			DisableScriptedObjects (6ms)
			BackupInstance (0ms)
			ReleaseScriptingObjects (0ms)
			CreateAndSetChildDomain (34ms)
		EndReloadAssembly (840ms)
			LoadAssemblies (100ms)
			RebuildTransferFunctionScriptingTraits (0ms)
			SetupTypeCache (288ms)
			ReleaseScriptCaches (1ms)
			RebuildScriptCaches (43ms)
			SetupLoadedEditorAssemblies (309ms)
				LogAssemblyErrors (0ms)
				InitializePlatformSupportModulesInManaged (4ms)
				SetLoadedEditorAssemblies (1ms)
				RefreshPlugins (1ms)
				BeforeProcessingInitializeOnLoad (103ms)
				ProcessInitializeOnLoadAttributes (177ms)
				ProcessInitializeOnLoadMethodAttributes (16ms)
				AfterProcessingInitializeOnLoad (7ms)
				EditorAssembliesLoaded (0ms)
			ExecutionOrderSort2 (0ms)
			AwakeInstancesAfterBackupRestoration (4ms)
Platform modules already initialized, skipping
Refreshing native plugins compatible for Editor in 0.48 ms, found 3 plugins.
Preloading 0 native plugins for Editor in 0.00 ms.
Unloading 2233 Unused Serialized files (Serialized files now loaded: 0)
System memory in use before: 98.5 MB.
System memory in use after: 98.6 MB.

Unloading 14 unused Assets to reduce memory usage. Loaded Objects now: 2701.
Total: 2.980100 ms (FindLiveObjects: 0.164900 ms CreateObjectMapping: 0.087700 ms MarkObjects: 2.702500 ms  DeleteObjects: 0.023700 ms)

AssetImportParameters requested are different than current active one (requested -> active):
  custom:framework-win-MediaFoundation: 216162199b28c13a410421893ffa2e32 -> 
  custom:video-decoder-ogg-theora: a1e56fd34408186e4bbccfd4996cb3dc -> 
  custom:container-muxer-webm: aa71ff27fc2769a1b78a27578f13a17b -> 
  custom:container-demuxer-webm: 4f35f7cbe854078d1ac9338744f61a02 -> 
  custom:container-demuxer-ogg: 62fdf1f143b41e24485cea50d1cbac27 -> 
  custom:video-encoder-webm-vp8: eb34c28f22e8b96e1ab97ce403110664 -> 
  custom:video-decoder-webm-vp8: 9c59270c3fd7afecdb556c50c9e8de78 -> 
  custom:audio-decoder-ogg-vorbis: bf7c407c2cedff20999df2af8eb42d56 -> 
  custom:audio-encoder-webm-vorbis: bf7c407c2cedff20999df2af8eb42d56 -> 
========================================================================
Received Import Request.
  Time since last request: 23.562539 seconds.
  path: Assets/Characters/CharacterScripts/TestCharacter.cs
  artifactKey: Guid(f28d568863562e742b66b3ccae22ffc4) Importer(815301076,1909f56bfc062723c751e8b465ee728b)
Start importing Assets/Characters/CharacterScripts/TestCharacter.cs using Guid(f28d568863562e742b66b3ccae22ffc4) Importer(815301076,1909f56bfc062723c751e8b465ee728b)  -> (artifact id: '007136030306afbf01c985c7c2dd633d') in 0.005682 seconds 
========================================================================
Received Prepare
Registering precompiled user dll's ...
Registered in 0.004812 seconds.
Begin MonoManager ReloadAssembly
Symbol file data-000001B1A08B5030 doesn't match image C:\Users\skok2\Documents\GitHub\SOCRPROJEKT\SOCR_PROJEKT\Library\ScriptAssemblies\Unity.2D.Animation.Editor.dll
Symbol file LoadedFromMemory is not a mono symbol file
Symbol file data-000001B1A197FB90 doesn't match image C:\Users\skok2\Documents\GitHub\SOCRPROJEKT\SOCR_PROJEKT\Library\ScriptAssemblies\Unity.InternalAPIEngineBridge.001.dll
Symbol file LoadedFromMemory is not a mono symbol file
Symbol file data-000001B37CF27020 doesn't match image C:\Users\skok2\Documents\GitHub\SOCRPROJEKT\SOCR_PROJEKT\Library\ScriptAssemblies\Unity.VSCode.Editor.dll
Symbol file LoadedFromMemory is not a mono symbol file
Symbol file data-000001B37CC63090 doesn't match image C:\Users\skok2\Documents\GitHub\SOCRPROJEKT\SOCR_PROJEKT\Library\ScriptAssemblies\Unity.2D.PixelPerfect.dll
Symbol file LoadedFromMemory is not a mono symbol file
Symbol file data-000001B1A12BD020 doesn't match image C:\Users\skok2\Documents\GitHub\SOCRPROJEKT\SOCR_PROJEKT\Library\ScriptAssemblies\Unity.2D.Tilemap.Editor.dll
Symbol file LoadedFromMemory is not a mono symbol file
Symbol file data-000001B1A180E020 doesn't match image C:\Users\skok2\Documents\GitHub\SOCRPROJEKT\SOCR_PROJEKT\Library\ScriptAssemblies\PsdPlugin.dll
Symbol file LoadedFromMemory is not a mono symbol file
Symbol file data-000001B37D287020 doesn't match image C:\Users\skok2\Documents\GitHub\SOCRPROJEKT\SOCR_PROJEKT\Library\ScriptAssemblies\Unity.TextMeshPro.Editor.dll
Symbol file LoadedFromMemory is not a mono symbol file
Symbol file data-000001B1A044C030 doesn't match image C:\Users\skok2\Documents\GitHub\SOCRPROJEKT\SOCR_PROJEKT\Library\ScriptAssemblies\Unity.VisualStudio.Editor.dll
Symbol file LoadedFromMemory is not a mono symbol file
Symbol file data-000001B1A12BD020 doesn't match image C:\Users\skok2\Documents\GitHub\SOCRPROJEKT\SOCR_PROJEKT\Library\ScriptAssemblies\UnityEngine.TestRunner.dll
Symbol file LoadedFromMemory is not a mono symbol file
Symbol file data-000001B1A12BD020 doesn't match image C:\Users\skok2\Documents\GitHub\SOCRPROJEKT\SOCR_PROJEKT\Library\ScriptAssemblies\Unity.Timeline.dll
Symbol file LoadedFromMemory is not a mono symbol file
Symbol file data-000001B37EC4F020 doesn't match image C:\Users\skok2\Documents\GitHub\SOCRPROJEKT\SOCR_PROJEKT\Library\ScriptAssemblies\Unity.TextMeshPro.dll
Symbol file LoadedFromMemory is not a mono symbol file
Symbol file data-000001B37EA1D040 doesn't match image C:\Users\skok2\Documents\GitHub\SOCRPROJEKT\SOCR_PROJEKT\Library\ScriptAssemblies\UnityEditor.TestRunner.dll
Symbol file LoadedFromMemory is not a mono symbol file
Symbol file data-000001B37CF27020 doesn't match image C:\Users\skok2\Documents\GitHub\SOCRPROJEKT\SOCR_PROJEKT\Library\ScriptAssemblies\Unity.2D.IK.Editor.dll
Symbol file LoadedFromMemory is not a mono symbol file
Symbol file data-000001B37D287020 doesn't match image C:\Users\skok2\Documents\GitHub\SOCRPROJEKT\SOCR_PROJEKT\Library\ScriptAssemblies\Unity.2D.Sprite.Editor.dll
Symbol file LoadedFromMemory is not a mono symbol file
Symbol file data-000001B1A044C030 doesn't match image C:\Users\skok2\Documents\GitHub\SOCRPROJEKT\SOCR_PROJEKT\Library\ScriptAssemblies\Unity.2D.Psdimporter.Editor.dll
Symbol file LoadedFromMemory is not a mono symbol file
Symbol file data-000001B1A044C030 doesn't match image C:\Users\skok2\Documents\GitHub\SOCRPROJEKT\SOCR_PROJEKT\Library\ScriptAssemblies\Unity.2D.Path.Editor.dll
Symbol file LoadedFromMemory is not a mono symbol file
Symbol file data-000001B37ED1F830 doesn't match image C:\Users\skok2\Documents\GitHub\SOCRPROJEKT\SOCR_PROJEKT\Library\ScriptAssemblies\Unity.InternalAPIEditorBridge.001.dll
Symbol file LoadedFromMemory is not a mono symbol file
Symbol file data-000001B1A044C030 doesn't match image C:\Users\skok2\Documents\GitHub\SOCRPROJEKT\SOCR_PROJEKT\Library\ScriptAssemblies\UnityEditor.UI.dll
Symbol file LoadedFromMemory is not a mono symbol file
Symbol file data-000001B378E8A150 doesn't match image C:\Users\skok2\Documents\GitHub\SOCRPROJEKT\SOCR_PROJEKT\Library\ScriptAssemblies\Unity.PlasticSCM.Editor.dll
Symbol file LoadedFromMemory is not a mono symbol file
Symbol file data-000001B1A1614020 doesn't match image C:\Users\skok2\Documents\GitHub\SOCRPROJEKT\SOCR_PROJEKT\Library\ScriptAssemblies\Unity.Rider.Editor.dll
Symbol file LoadedFromMemory is not a mono symbol file
Symbol file data-000001B1A26DD030 doesn't match image C:\Users\skok2\Documents\GitHub\SOCRPROJEKT\SOCR_PROJEKT\Library\ScriptAssemblies\UnityEngine.UI.dll
Symbol file LoadedFromMemory is not a mono symbol file
Symbol file data-000001B37DED2010 doesn't match image C:\Users\skok2\Documents\GitHub\SOCRPROJEKT\SOCR_PROJEKT\Library\ScriptAssemblies\Unity.Mathematics.dll
Symbol file LoadedFromMemory is not a mono symbol file
Symbol file data-000001B37EC76230 doesn't match image C:\Users\skok2\Documents\GitHub\SOCRPROJEKT\SOCR_PROJEKT\Library\ScriptAssemblies\Unity.2D.IK.Runtime.dll
Symbol file LoadedFromMemory is not a mono symbol file
Symbol file data-000001B378EB7D60 doesn't match image C:\Users\skok2\Documents\GitHub\SOCRPROJEKT\SOCR_PROJEKT\Library\ScriptAssemblies\Unity.2D.Animation.Runtime.dll
Symbol file LoadedFromMemory is not a mono symbol file
Symbol file data-000001B37D9259A0 doesn't match image C:\Users\skok2\Documents\GitHub\SOCRPROJEKT\SOCR_PROJEKT\Library\ScriptAssemblies\Unity.2D.PixelPerfect.Editor.dll
Symbol file LoadedFromMemory is not a mono symbol file
Symbol file data-000001B1A0FC4ED0 doesn't match image C:\Users\skok2\Documents\GitHub\SOCRPROJEKT\SOCR_PROJEKT\Library\ScriptAssemblies\Unity.Timeline.Editor.dll
Symbol file LoadedFromMemory is not a mono symbol file
Symbol file data-000001B37D9DBFF0 doesn't match image C:\Users\skok2\Documents\GitHub\SOCRPROJEKT\SOCR_PROJEKT\Library\ScriptAssemblies\Unity.CollabProxy.Editor.dll
Symbol file LoadedFromMemory is not a mono symbol file
Symbol file data-000001B1A1618830 doesn't match image C:\Users\skok2\Documents\GitHub\SOCRPROJEKT\SOCR_PROJEKT\Library\ScriptAssemblies\Unity.Mathematics.Editor.dll
Symbol file LoadedFromMemory is not a mono symbol file
Symbol file data-000001B379406370 doesn't match image C:\Users\skok2\Documents\GitHub\SOCRPROJEKT\SOCR_PROJEKT\Library\ScriptAssemblies\Unity.2D.Common.Runtime.dll
Symbol file LoadedFromMemory is not a mono symbol file
Symbol file data-000001B37EB9FE20 doesn't match image C:\Users\skok2\Documents\GitHub\SOCRPROJEKT\SOCR_PROJEKT\Library\ScriptAssemblies\Unity.2D.SpriteShape.Editor.dll
Symbol file LoadedFromMemory is not a mono symbol file
Symbol file data-000001B37CF27020 doesn't match image C:\Users\skok2\Documents\GitHub\SOCRPROJEKT\SOCR_PROJEKT\Library\ScriptAssemblies\Unity.2D.Common.Editor.dll
Symbol file LoadedFromMemory is not a mono symbol file
Symbol file data-000001B37D9DBFF0 doesn't match image C:\Users\skok2\Documents\GitHub\SOCRPROJEKT\SOCR_PROJEKT\Library\ScriptAssemblies\Unity.2D.SpriteShape.Runtime.dll
Symbol file LoadedFromMemory is not a mono symbol file
Native extension for WindowsStandalone target not found
Refreshing native plugins compatible for Editor in 0.48 ms, found 3 plugins.
Preloading 0 native plugins for Editor in 0.00 ms.
Mono: successfully reloaded assembly
- Completed reload, in  0.999 seconds
Domain Reload Profiling:
	ReloadAssembly (999ms)
		BeginReloadAssembly (121ms)
			ExecutionOrderSort (0ms)
			DisableScriptedObjects (6ms)
			BackupInstance (0ms)
			ReleaseScriptingObjects (0ms)
			CreateAndSetChildDomain (33ms)
		EndReloadAssembly (818ms)
			LoadAssemblies (108ms)
			RebuildTransferFunctionScriptingTraits (0ms)
			SetupTypeCache (282ms)
			ReleaseScriptCaches (1ms)
			RebuildScriptCaches (42ms)
			SetupLoadedEditorAssemblies (306ms)
				LogAssemblyErrors (0ms)
				InitializePlatformSupportModulesInManaged (4ms)
				SetLoadedEditorAssemblies (0ms)
				RefreshPlugins (1ms)
				BeforeProcessingInitializeOnLoad (96ms)
				ProcessInitializeOnLoadAttributes (181ms)
				ProcessInitializeOnLoadMethodAttributes (16ms)
				AfterProcessingInitializeOnLoad (7ms)
				EditorAssembliesLoaded (0ms)
			ExecutionOrderSort2 (0ms)
			AwakeInstancesAfterBackupRestoration (5ms)
Platform modules already initialized, skipping
Refreshing native plugins compatible for Editor in 0.74 ms, found 3 plugins.
Preloading 0 native plugins for Editor in 0.00 ms.
Unloading 2233 Unused Serialized files (Serialized files now loaded: 0)
System memory in use before: 98.5 MB.
System memory in use after: 98.6 MB.

Unloading 14 unused Assets to reduce memory usage. Loaded Objects now: 2704.
Total: 3.259300 ms (FindLiveObjects: 0.177000 ms CreateObjectMapping: 0.082100 ms MarkObjects: 2.967800 ms  DeleteObjects: 0.021200 ms)

AssetImportParameters requested are different than current active one (requested -> active):
  custom:framework-win-MediaFoundation: 216162199b28c13a410421893ffa2e32 -> 
  custom:video-decoder-ogg-theora: a1e56fd34408186e4bbccfd4996cb3dc -> 
  custom:container-muxer-webm: aa71ff27fc2769a1b78a27578f13a17b -> 
  custom:container-demuxer-webm: 4f35f7cbe854078d1ac9338744f61a02 -> 
  custom:container-demuxer-ogg: 62fdf1f143b41e24485cea50d1cbac27 -> 
  custom:video-encoder-webm-vp8: eb34c28f22e8b96e1ab97ce403110664 -> 
  custom:video-decoder-webm-vp8: 9c59270c3fd7afecdb556c50c9e8de78 -> 
  custom:audio-decoder-ogg-vorbis: bf7c407c2cedff20999df2af8eb42d56 -> 
  custom:audio-encoder-webm-vorbis: bf7c407c2cedff20999df2af8eb42d56 -> 
========================================================================
Received Import Request.
  Time since last request: 75.507724 seconds.
  path: Assets/Characters/CharacterScripts/TestCharacter.cs
  artifactKey: Guid(f28d568863562e742b66b3ccae22ffc4) Importer(815301076,1909f56bfc062723c751e8b465ee728b)
Start importing Assets/Characters/CharacterScripts/TestCharacter.cs using Guid(f28d568863562e742b66b3ccae22ffc4) Importer(815301076,1909f56bfc062723c751e8b465ee728b)  -> (artifact id: '45123e6e8bc509e3e807ad2469906189') in 0.005361 seconds 
========================================================================
Received Prepare
Registering precompiled user dll's ...
Registered in 0.003364 seconds.
Begin MonoManager ReloadAssembly
Symbol file data-000001B1A08B5030 doesn't match image C:\Users\skok2\Documents\GitHub\SOCRPROJEKT\SOCR_PROJEKT\Library\ScriptAssemblies\Unity.2D.Animation.Editor.dll
Symbol file LoadedFromMemory is not a mono symbol file
Symbol file data-000001B1A19806A0 doesn't match image C:\Users\skok2\Documents\GitHub\SOCRPROJEKT\SOCR_PROJEKT\Library\ScriptAssemblies\Unity.InternalAPIEngineBridge.001.dll
Symbol file LoadedFromMemory is not a mono symbol file
Symbol file data-000001B3792A0E40 doesn't match image C:\Users\skok2\Documents\GitHub\SOCRPROJEKT\SOCR_PROJEKT\Library\ScriptAssemblies\Unity.VSCode.Editor.dll
Symbol file LoadedFromMemory is not a mono symbol file
Symbol file data-000001B1A309C0E0 doesn't match image C:\Users\skok2\Documents\GitHub\SOCRPROJEKT\SOCR_PROJEKT\Library\ScriptAssemblies\Unity.2D.PixelPerfect.dll
Symbol file LoadedFromMemory is not a mono symbol file
Symbol file data-000001B37E227010 doesn't match image C:\Users\skok2\Documents\GitHub\SOCRPROJEKT\SOCR_PROJEKT\Library\ScriptAssemblies\Unity.2D.Tilemap.Editor.dll
Symbol file LoadedFromMemory is not a mono symbol file
Symbol file data-000001B37D54C020 doesn't match image C:\Users\skok2\Documents\GitHub\SOCRPROJEKT\SOCR_PROJEKT\Library\ScriptAssemblies\PsdPlugin.dll
Symbol file LoadedFromMemory is not a mono symbol file
Symbol file data-000001B1A1FEB590 doesn't match image C:\Users\skok2\Documents\GitHub\SOCRPROJEKT\SOCR_PROJEKT\Library\ScriptAssemblies\Unity.TextMeshPro.Editor.dll
Symbol file LoadedFromMemory is not a mono symbol file
Symbol file data-000001B37D579900 doesn't match image C:\Users\skok2\Documents\GitHub\SOCRPROJEKT\SOCR_PROJEKT\Library\ScriptAssemblies\Unity.VisualStudio.Editor.dll
Symbol file LoadedFromMemory is not a mono symbol file
Symbol file data-000001B1A223AF10 doesn't match image C:\Users\skok2\Documents\GitHub\SOCRPROJEKT\SOCR_PROJEKT\Library\ScriptAssemblies\UnityEngine.TestRunner.dll
Symbol file LoadedFromMemory is not a mono symbol file
Symbol file data-000001B37E227010 doesn't match image C:\Users\skok2\Documents\GitHub\SOCRPROJEKT\SOCR_PROJEKT\Library\ScriptAssemblies\Unity.Timeline.dll
Symbol file LoadedFromMemory is not a mono symbol file
Symbol file data-000001B1A2583040 doesn't match image C:\Users\skok2\Documents\GitHub\SOCRPROJEKT\SOCR_PROJEKT\Library\ScriptAssemblies\Unity.TextMeshPro.dll
Symbol file LoadedFromMemory is not a mono symbol file
Symbol file data-000001B37DF57040 doesn't match image C:\Users\skok2\Documents\GitHub\SOCRPROJEKT\SOCR_PROJEKT\Library\ScriptAssemblies\UnityEditor.TestRunner.dll
Symbol file LoadedFromMemory is not a mono symbol file
Symbol file data-000001B3792A0E40 doesn't match image C:\Users\skok2\Documents\GitHub\SOCRPROJEKT\SOCR_PROJEKT\Library\ScriptAssemblies\Unity.2D.IK.Editor.dll
Symbol file LoadedFromMemory is not a mono symbol file
Symbol file data-000001B1A1FEB590 doesn't match image C:\Users\skok2\Documents\GitHub\SOCRPROJEKT\SOCR_PROJEKT\Library\ScriptAssemblies\Unity.2D.Sprite.Editor.dll
Symbol file LoadedFromMemory is not a mono symbol file
Symbol file data-000001B1A044C030 doesn't match image C:\Users\skok2\Documents\GitHub\SOCRPROJEKT\SOCR_PROJEKT\Library\ScriptAssemblies\Unity.2D.Psdimporter.Editor.dll
Symbol file LoadedFromMemory is not a mono symbol file
Symbol file data-000001B1A044C030 doesn't match image C:\Users\skok2\Documents\GitHub\SOCRPROJEKT\SOCR_PROJEKT\Library\ScriptAssemblies\Unity.2D.Path.Editor.dll
Symbol file LoadedFromMemory is not a mono symbol file
Symbol file data-000001B37D580800 doesn't match image C:\Users\skok2\Documents\GitHub\SOCRPROJEKT\SOCR_PROJEKT\Library\ScriptAssemblies\Unity.InternalAPIEditorBridge.001.dll
Symbol file LoadedFromMemory is not a mono symbol file
Symbol file data-000001B1A044C030 doesn't match image C:\Users\skok2\Documents\GitHub\SOCRPROJEKT\SOCR_PROJEKT\Library\ScriptAssemblies\UnityEditor.UI.dll
Symbol file LoadedFromMemory is not a mono symbol file
Symbol file data-000001B37EC4F020 doesn't match image C:\Users\skok2\Documents\GitHub\SOCRPROJEKT\SOCR_PROJEKT\Library\ScriptAssemblies\Unity.PlasticSCM.Editor.dll
Symbol file LoadedFromMemory is not a mono symbol file
Symbol file data-000001B378EC4650 doesn't match image C:\Users\skok2\Documents\GitHub\SOCRPROJEKT\SOCR_PROJEKT\Library\ScriptAssemblies\Unity.Rider.Editor.dll
Symbol file LoadedFromMemory is not a mono symbol file
Symbol file data-000001B1A26DD030 doesn't match image C:\Users\skok2\Documents\GitHub\SOCRPROJEKT\SOCR_PROJEKT\Library\ScriptAssemblies\UnityEngine.UI.dll
Symbol file LoadedFromMemory is not a mono symbol file
Symbol file data-000001B37DED2010 doesn't match image C:\Users\skok2\Documents\GitHub\SOCRPROJEKT\SOCR_PROJEKT\Library\ScriptAssemblies\Unity.Mathematics.dll
Symbol file LoadedFromMemory is not a mono symbol file
Symbol file data-000001B3792A0E40 doesn't match image C:\Users\skok2\Documents\GitHub\SOCRPROJEKT\SOCR_PROJEKT\Library\ScriptAssemblies\Unity.2D.IK.Runtime.dll
Symbol file LoadedFromMemory is not a mono symbol file
Symbol file data-000001B1A12BD020 doesn't match image C:\Users\skok2\Documents\GitHub\SOCRPROJEKT\SOCR_PROJEKT\Library\ScriptAssemblies\Unity.2D.Animation.Runtime.dll
Symbol file LoadedFromMemory is not a mono symbol file
Symbol file data-000001B37E122070 doesn't match image C:\Users\skok2\Documents\GitHub\SOCRPROJEKT\SOCR_PROJEKT\Library\ScriptAssemblies\Unity.2D.PixelPerfect.Editor.dll
Symbol file LoadedFromMemory is not a mono symbol file
Symbol file data-000001B1A05FB020 doesn't match image C:\Users\skok2\Documents\GitHub\SOCRPROJEKT\SOCR_PROJEKT\Library\ScriptAssemblies\Unity.Timeline.Editor.dll
Symbol file LoadedFromMemory is not a mono symbol file
Symbol file data-000001B1A223AF10 doesn't match image C:\Users\skok2\Documents\GitHub\SOCRPROJEKT\SOCR_PROJEKT\Library\ScriptAssemblies\Unity.CollabProxy.Editor.dll
Symbol file LoadedFromMemory is not a mono symbol file
Symbol file data-000001B378EC8E60 doesn't match image C:\Users\skok2\Documents\GitHub\SOCRPROJEKT\SOCR_PROJEKT\Library\ScriptAssemblies\Unity.Mathematics.Editor.dll
Symbol file LoadedFromMemory is not a mono symbol file
Symbol file data-000001B379405E00 doesn't match image C:\Users\skok2\Documents\GitHub\SOCRPROJEKT\SOCR_PROJEKT\Library\ScriptAssemblies\Unity.2D.Common.Runtime.dll
Symbol file LoadedFromMemory is not a mono symbol file
Symbol file data-000001B1A044C030 doesn't match image C:\Users\skok2\Documents\GitHub\SOCRPROJEKT\SOCR_PROJEKT\Library\ScriptAssemblies\Unity.2D.SpriteShape.Editor.dll
Symbol file LoadedFromMemory is not a mono symbol file
Symbol file data-000001B37CF27020 doesn't match image C:\Users\skok2\Documents\GitHub\SOCRPROJEKT\SOCR_PROJEKT\Library\ScriptAssemblies\Unity.2D.Common.Editor.dll
Symbol file LoadedFromMemory is not a mono symbol file
Symbol file data-000001B1A223AF10 doesn't match image C:\Users\skok2\Documents\GitHub\SOCRPROJEKT\SOCR_PROJEKT\Library\ScriptAssemblies\Unity.2D.SpriteShape.Runtime.dll
Symbol file LoadedFromMemory is not a mono symbol file
Native extension for WindowsStandalone target not found
Refreshing native plugins compatible for Editor in 0.52 ms, found 3 plugins.
Preloading 0 native plugins for Editor in 0.00 ms.
Mono: successfully reloaded assembly
- Completed reload, in  1.087 seconds
Domain Reload Profiling:
	ReloadAssembly (1087ms)
		BeginReloadAssembly (121ms)
			ExecutionOrderSort (0ms)
			DisableScriptedObjects (6ms)
			BackupInstance (0ms)
			ReleaseScriptingObjects (0ms)
			CreateAndSetChildDomain (34ms)
		EndReloadAssembly (893ms)
			LoadAssemblies (126ms)
			RebuildTransferFunctionScriptingTraits (0ms)
			SetupTypeCache (312ms)
			ReleaseScriptCaches (1ms)
			RebuildScriptCaches (47ms)
			SetupLoadedEditorAssemblies (322ms)
				LogAssemblyErrors (0ms)
				InitializePlatformSupportModulesInManaged (4ms)
				SetLoadedEditorAssemblies (0ms)
				RefreshPlugins (1ms)
				BeforeProcessingInitializeOnLoad (98ms)
				ProcessInitializeOnLoadAttributes (189ms)
				ProcessInitializeOnLoadMethodAttributes (21ms)
				AfterProcessingInitializeOnLoad (8ms)
				EditorAssembliesLoaded (0ms)
			ExecutionOrderSort2 (0ms)
			AwakeInstancesAfterBackupRestoration (4ms)
Platform modules already initialized, skipping
Refreshing native plugins compatible for Editor in 0.47 ms, found 3 plugins.
Preloading 0 native plugins for Editor in 0.00 ms.
Unloading 2233 Unused Serialized files (Serialized files now loaded: 0)
System memory in use before: 98.5 MB.
System memory in use after: 98.6 MB.

Unloading 14 unused Assets to reduce memory usage. Loaded Objects now: 2707.
Total: 3.038900 ms (FindLiveObjects: 0.187800 ms CreateObjectMapping: 0.089800 ms MarkObjects: 2.737000 ms  DeleteObjects: 0.023100 ms)

AssetImportParameters requested are different than current active one (requested -> active):
  custom:framework-win-MediaFoundation: 216162199b28c13a410421893ffa2e32 -> 
  custom:video-decoder-ogg-theora: a1e56fd34408186e4bbccfd4996cb3dc -> 
  custom:container-muxer-webm: aa71ff27fc2769a1b78a27578f13a17b -> 
  custom:container-demuxer-webm: 4f35f7cbe854078d1ac9338744f61a02 -> 
  custom:container-demuxer-ogg: 62fdf1f143b41e24485cea50d1cbac27 -> 
  custom:video-encoder-webm-vp8: eb34c28f22e8b96e1ab97ce403110664 -> 
  custom:video-decoder-webm-vp8: 9c59270c3fd7afecdb556c50c9e8de78 -> 
  custom:audio-decoder-ogg-vorbis: bf7c407c2cedff20999df2af8eb42d56 -> 
  custom:audio-encoder-webm-vorbis: bf7c407c2cedff20999df2af8eb42d56 -> 
========================================================================
Received Import Request.
  Time since last request: 20.763903 seconds.
  path: Assets/Characters/CharacterScripts/TestCharacter.cs
  artifactKey: Guid(f28d568863562e742b66b3ccae22ffc4) Importer(815301076,1909f56bfc062723c751e8b465ee728b)
Start importing Assets/Characters/CharacterScripts/TestCharacter.cs using Guid(f28d568863562e742b66b3ccae22ffc4) Importer(815301076,1909f56bfc062723c751e8b465ee728b)  -> (artifact id: 'cb4c388309b20efe3f9ab867489a58aa') in 0.012918 seconds 
========================================================================
Received Prepare
Registering precompiled user dll's ...
Registered in 0.003305 seconds.
Begin MonoManager ReloadAssembly
Symbol file data-000001B1A08B5030 doesn't match image C:\Users\skok2\Documents\GitHub\SOCRPROJEKT\SOCR_PROJEKT\Library\ScriptAssemblies\Unity.2D.Animation.Editor.dll
Symbol file LoadedFromMemory is not a mono symbol file
Symbol file data-000001B1A197FB90 doesn't match image C:\Users\skok2\Documents\GitHub\SOCRPROJEKT\SOCR_PROJEKT\Library\ScriptAssemblies\Unity.InternalAPIEngineBridge.001.dll
Symbol file LoadedFromMemory is not a mono symbol file
Symbol file data-000001B1A0FFFE80 doesn't match image C:\Users\skok2\Documents\GitHub\SOCRPROJEKT\SOCR_PROJEKT\Library\ScriptAssemblies\Unity.VSCode.Editor.dll
Symbol file LoadedFromMemory is not a mono symbol file
Symbol file data-000001B1A333FC00 doesn't match image C:\Users\skok2\Documents\GitHub\SOCRPROJEKT\SOCR_PROJEKT\Library\ScriptAssemblies\Unity.2D.PixelPerfect.dll
Symbol file LoadedFromMemory is not a mono symbol file
Symbol file data-000001B37E227010 doesn't match image C:\Users\skok2\Documents\GitHub\SOCRPROJEKT\SOCR_PROJEKT\Library\ScriptAssemblies\Unity.2D.Tilemap.Editor.dll
Symbol file LoadedFromMemory is not a mono symbol file
Symbol file data-000001B1A33C20C0 doesn't match image C:\Users\skok2\Documents\GitHub\SOCRPROJEKT\SOCR_PROJEKT\Library\ScriptAssemblies\PsdPlugin.dll
Symbol file LoadedFromMemory is not a mono symbol file
Symbol file data-000001B1A1173010 doesn't match image C:\Users\skok2\Documents\GitHub\SOCRPROJEKT\SOCR_PROJEKT\Library\ScriptAssemblies\Unity.TextMeshPro.Editor.dll
Symbol file LoadedFromMemory is not a mono symbol file
Symbol file data-000001B37D579900 doesn't match image C:\Users\skok2\Documents\GitHub\SOCRPROJEKT\SOCR_PROJEKT\Library\ScriptAssemblies\Unity.VisualStudio.Editor.dll
Symbol file LoadedFromMemory is not a mono symbol file
Symbol file data-000001B1A223AF10 doesn't match image C:\Users\skok2\Documents\GitHub\SOCRPROJEKT\SOCR_PROJEKT\Library\ScriptAssemblies\UnityEngine.TestRunner.dll
Symbol file LoadedFromMemory is not a mono symbol file
Symbol file data-000001B37E227010 doesn't match image C:\Users\skok2\Documents\GitHub\SOCRPROJEKT\SOCR_PROJEKT\Library\ScriptAssemblies\Unity.Timeline.dll
Symbol file LoadedFromMemory is not a mono symbol file
Symbol file data-000001B3793693F0 doesn't match image C:\Users\skok2\Documents\GitHub\SOCRPROJEKT\SOCR_PROJEKT\Library\ScriptAssemblies\Unity.TextMeshPro.dll
Symbol file LoadedFromMemory is not a mono symbol file
Symbol file data-000001B37DF57040 doesn't match image C:\Users\skok2\Documents\GitHub\SOCRPROJEKT\SOCR_PROJEKT\Library\ScriptAssemblies\UnityEditor.TestRunner.dll
Symbol file LoadedFromMemory is not a mono symbol file
Symbol file data-000001B1A0FFFE80 doesn't match image C:\Users\skok2\Documents\GitHub\SOCRPROJEKT\SOCR_PROJEKT\Library\ScriptAssemblies\Unity.2D.IK.Editor.dll
Symbol file LoadedFromMemory is not a mono symbol file
Symbol file data-000001B37CB9E010 doesn't match image C:\Users\skok2\Documents\GitHub\SOCRPROJEKT\SOCR_PROJEKT\Library\ScriptAssemblies\Unity.2D.Sprite.Editor.dll
Symbol file LoadedFromMemory is not a mono symbol file
Symbol file data-000001B379557010 doesn't match image C:\Users\skok2\Documents\GitHub\SOCRPROJEKT\SOCR_PROJEKT\Library\ScriptAssemblies\Unity.2D.Psdimporter.Editor.dll
Symbol file LoadedFromMemory is not a mono symbol file
Symbol file data-000001B1A044C030 doesn't match image C:\Users\skok2\Documents\GitHub\SOCRPROJEKT\SOCR_PROJEKT\Library\ScriptAssemblies\Unity.2D.Path.Editor.dll
Symbol file LoadedFromMemory is not a mono symbol file
Symbol file data-000001B37CD54390 doesn't match image C:\Users\skok2\Documents\GitHub\SOCRPROJEKT\SOCR_PROJEKT\Library\ScriptAssemblies\Unity.InternalAPIEditorBridge.001.dll
Symbol file LoadedFromMemory is not a mono symbol file
Symbol file data-000001B379557010 doesn't match image C:\Users\skok2\Documents\GitHub\SOCRPROJEKT\SOCR_PROJEKT\Library\ScriptAssemblies\UnityEditor.UI.dll
Symbol file LoadedFromMemory is not a mono symbol file
Symbol file data-000001B37EC4F020 doesn't match image C:\Users\skok2\Documents\GitHub\SOCRPROJEKT\SOCR_PROJEKT\Library\ScriptAssemblies\Unity.PlasticSCM.Editor.dll
Symbol file LoadedFromMemory is not a mono symbol file
Symbol file data-000001B1A1EE3010 doesn't match image C:\Users\skok2\Documents\GitHub\SOCRPROJEKT\SOCR_PROJEKT\Library\ScriptAssemblies\Unity.Rider.Editor.dll
Symbol file LoadedFromMemory is not a mono symbol file
Symbol file data-000001B1A26DD030 doesn't match image C:\Users\skok2\Documents\GitHub\SOCRPROJEKT\SOCR_PROJEKT\Library\ScriptAssemblies\UnityEngine.UI.dll
Symbol file LoadedFromMemory is not a mono symbol file
Symbol file data-000001B37DED2010 doesn't match image C:\Users\skok2\Documents\GitHub\SOCRPROJEKT\SOCR_PROJEKT\Library\ScriptAssemblies\Unity.Mathematics.dll
Symbol file LoadedFromMemory is not a mono symbol file
Symbol file data-000001B1A0FFFE80 doesn't match image C:\Users\skok2\Documents\GitHub\SOCRPROJEKT\SOCR_PROJEKT\Library\ScriptAssemblies\Unity.2D.IK.Runtime.dll
Symbol file LoadedFromMemory is not a mono symbol file
Symbol file data-000001B1A1EE3010 doesn't match image C:\Users\skok2\Documents\GitHub\SOCRPROJEKT\SOCR_PROJEKT\Library\ScriptAssemblies\Unity.2D.Animation.Runtime.dll
Symbol file LoadedFromMemory is not a mono symbol file
Symbol file data-000001B37E131520 doesn't match image C:\Users\skok2\Documents\GitHub\SOCRPROJEKT\SOCR_PROJEKT\Library\ScriptAssemblies\Unity.2D.PixelPerfect.Editor.dll
Symbol file LoadedFromMemory is not a mono symbol file
Symbol file data-000001B1A2473D80 doesn't match image C:\Users\skok2\Documents\GitHub\SOCRPROJEKT\SOCR_PROJEKT\Library\ScriptAssemblies\Unity.Timeline.Editor.dll
Symbol file LoadedFromMemory is not a mono symbol file
Symbol file data-000001B1A223AF10 doesn't match image C:\Users\skok2\Documents\GitHub\SOCRPROJEKT\SOCR_PROJEKT\Library\ScriptAssemblies\Unity.CollabProxy.Editor.dll
Symbol file LoadedFromMemory is not a mono symbol file
Symbol file data-000001B1A063B050 doesn't match image C:\Users\skok2\Documents\GitHub\SOCRPROJEKT\SOCR_PROJEKT\Library\ScriptAssemblies\Unity.Mathematics.Editor.dll
Symbol file LoadedFromMemory is not a mono symbol file
Symbol file data-000001B3794061A0 doesn't match image C:\Users\skok2\Documents\GitHub\SOCRPROJEKT\SOCR_PROJEKT\Library\ScriptAssemblies\Unity.2D.Common.Runtime.dll
Symbol file LoadedFromMemory is not a mono symbol file
Symbol file data-000001B379557010 doesn't match image C:\Users\skok2\Documents\GitHub\SOCRPROJEKT\SOCR_PROJEKT\Library\ScriptAssemblies\Unity.2D.SpriteShape.Editor.dll
Symbol file LoadedFromMemory is not a mono symbol file
Symbol file data-000001B37CF27020 doesn't match image C:\Users\skok2\Documents\GitHub\SOCRPROJEKT\SOCR_PROJEKT\Library\ScriptAssemblies\Unity.2D.Common.Editor.dll
Symbol file LoadedFromMemory is not a mono symbol file
Symbol file data-000001B1A223AF10 doesn't match image C:\Users\skok2\Documents\GitHub\SOCRPROJEKT\SOCR_PROJEKT\Library\ScriptAssemblies\Unity.2D.SpriteShape.Runtime.dll
Symbol file LoadedFromMemory is not a mono symbol file
Native extension for WindowsStandalone target not found
Refreshing native plugins compatible for Editor in 0.45 ms, found 3 plugins.
Preloading 0 native plugins for Editor in 0.00 ms.
Mono: successfully reloaded assembly
- Completed reload, in  0.935 seconds
Domain Reload Profiling:
	ReloadAssembly (936ms)
		BeginReloadAssembly (111ms)
			ExecutionOrderSort (0ms)
			DisableScriptedObjects (6ms)
			BackupInstance (0ms)
			ReleaseScriptingObjects (0ms)
			CreateAndSetChildDomain (29ms)
		EndReloadAssembly (768ms)
			LoadAssemblies (98ms)
			RebuildTransferFunctionScriptingTraits (0ms)
			SetupTypeCache (262ms)
			ReleaseScriptCaches (1ms)
			RebuildScriptCaches (40ms)
			SetupLoadedEditorAssemblies (291ms)
				LogAssemblyErrors (0ms)
				InitializePlatformSupportModulesInManaged (4ms)
				SetLoadedEditorAssemblies (1ms)
				RefreshPlugins (1ms)
				BeforeProcessingInitializeOnLoad (96ms)
				ProcessInitializeOnLoadAttributes (167ms)
				ProcessInitializeOnLoadMethodAttributes (15ms)
				AfterProcessingInitializeOnLoad (7ms)
				EditorAssembliesLoaded (0ms)
			ExecutionOrderSort2 (0ms)
			AwakeInstancesAfterBackupRestoration (4ms)
Platform modules already initialized, skipping
Refreshing native plugins compatible for Editor in 0.56 ms, found 3 plugins.
Preloading 0 native plugins for Editor in 0.00 ms.
Unloading 2233 Unused Serialized files (Serialized files now loaded: 0)
System memory in use before: 98.5 MB.
System memory in use after: 98.7 MB.

Unloading 14 unused Assets to reduce memory usage. Loaded Objects now: 2710.
Total: 3.110900 ms (FindLiveObjects: 0.189900 ms CreateObjectMapping: 0.085000 ms MarkObjects: 2.814400 ms  DeleteObjects: 0.020700 ms)

AssetImportParameters requested are different than current active one (requested -> active):
  custom:framework-win-MediaFoundation: 216162199b28c13a410421893ffa2e32 -> 
  custom:video-decoder-ogg-theora: a1e56fd34408186e4bbccfd4996cb3dc -> 
  custom:container-muxer-webm: aa71ff27fc2769a1b78a27578f13a17b -> 
  custom:container-demuxer-webm: 4f35f7cbe854078d1ac9338744f61a02 -> 
  custom:container-demuxer-ogg: 62fdf1f143b41e24485cea50d1cbac27 -> 
  custom:video-encoder-webm-vp8: eb34c28f22e8b96e1ab97ce403110664 -> 
  custom:video-decoder-webm-vp8: 9c59270c3fd7afecdb556c50c9e8de78 -> 
  custom:audio-decoder-ogg-vorbis: bf7c407c2cedff20999df2af8eb42d56 -> 
  custom:audio-encoder-webm-vorbis: bf7c407c2cedff20999df2af8eb42d56 -> 
AssetImportWorkerClient::OnTransportError - code=2 error=End of file
